<?xml version="1.0" encoding="UTF-8"?>
<!-- Generated by org.testng.reporters.JUnitReportReporter -->
<testsuite hostname="Vivek" failures="0" tests="1" name="testCases.Colors_TC" time="0.682" errors="0" timestamp="2025-01-27T10:38:13 EST" skipped="0">
  <testcase classname="testCases.Colors_TC" name="colors" time="0.682"/>
</testsuite> <!-- testCases.Colors_TC -->
