<?xml version="1.0" encoding="UTF-8"?>
<!-- Generated by org.testng.reporters.JUnitReportReporter -->
<testsuite hostname="Vivek" failures="0" tests="1" name="testCases.DragNDrop_TC" time="0.467" errors="0" timestamp="2024-12-28T13:16:45 EST" skipped="0">
  <testcase classname="testCases.DragNDrop_TC" name="dragndrop" time="0.467"/>
</testsuite> <!-- testCases.DragNDrop_TC -->
