<?xml version="1.0" encoding="UTF-8"?>
<!-- Generated by org.testng.reporters.JUnitReportReporter -->
<testsuite hostname="Vivek" failures="0" tests="1" name="testCases.Uploadfiles_TC" time="0.475" errors="0" timestamp="2025-02-24T17:23:30 EST" skipped="0">
  <testcase classname="testCases.Uploadfiles_TC" name="UPLOADFILES" time="0.475"/>
</testsuite> <!-- testCases.Uploadfiles_TC -->
