<?xml version="1.0" encoding="UTF-8"?>
<!-- Generated by org.testng.reporters.JUnitReportReporter -->
<testsuite hostname="Vivek" failures="0" tests="1" name="testCases.Pointme_TC" time="5.748" errors="0" timestamp="2025-02-24T17:46:05 EST" skipped="0">
  <testcase classname="testCases.Pointme_TC" name="ponitmeexe" time="5.748"/>
</testsuite> <!-- testCases.Pointme_TC -->
