<?xml version="1.0" encoding="UTF-8"?>
<!-- Generated by org.testng.reporters.JUnitReportReporter -->
<testsuite hostname="Vivek" failures="0" tests="1" name="testCases.Laptoplinks_TC" time="5.556" errors="0" timestamp="2025-02-25T21:42:07 EST" skipped="0">
  <testcase classname="testCases.Laptoplinks_TC" name="laptop_links" time="5.556"/>
</testsuite> <!-- testCases.Laptoplinks_TC -->
