<?xml version="1.0" encoding="UTF-8"?>
<!-- Generated by org.testng.reporters.JUnitReportReporter -->
<testsuite hostname="Vivek" failures="0" tests="1" name="testCases.DaysSelection_TC" time="0.828" errors="0" timestamp="2025-01-27T10:31:09 EST" skipped="0">
  <testcase classname="testCases.DaysSelection_TC" name="DAYS" time="0.828"/>
</testsuite> <!-- testCases.DaysSelection_TC -->
