<?xml version="1.0" encoding="UTF-8"?>
<!-- Generated by org.testng.reporters.JUnitReportReporter -->
<testsuite hostname="Vivek" failures="0" tests="1" name="testCases.GUI_Elements_TC" time="0.704" errors="0" timestamp="2024-11-11T13:23:12 EST" skipped="0">
  <testcase classname="testCases.GUI_Elements_TC" name="GUI_Elements_tc" time="0.704"/>
</testsuite> <!-- testCases.GUI_Elements_TC -->
