<?xml version="1.0" encoding="UTF-8"?>
<!-- Generated by org.testng.reporters.JUnitReportReporter -->
<testsuite hostname="Vivek" failures="0" tests="1" name="testCases.AlertsnPopups_TC" time="7.969" errors="0" timestamp="2025-06-10T12:49:53 EDT" skipped="0">
  <testcase classname="testCases.AlertsnPopups_TC" name="Alertsnpopups" time="7.969"/>
</testsuite> <!-- testCases.AlertsnPopups_TC -->
