<?xml version="1.0" encoding="UTF-8"?>
<!-- Generated by org.testng.reporters.JUnitReportReporter -->
<testsuite hostname="Vivek" failures="0" tests="1" name="testCases.Country_TC" time="0.235" errors="0" timestamp="2025-01-27T10:33:31 EST" skipped="0">
  <testcase classname="testCases.Country_TC" name="colors" time="0.235"/>
</testsuite> <!-- testCases.Country_TC -->
