<?xml version="1.0" encoding="UTF-8"?>
<!-- Generated by org.testng.reporters.JUnitReportReporter -->
<testsuite hostname="Vivek" failures="0" tests="1" name="testCases.Doubleclick_TC" time="2.379" errors="0" timestamp="2025-02-25T14:11:20 EST" skipped="0">
  <testcase classname="testCases.Doubleclick_TC" name="doubleclasstc" time="2.379"/>
</testsuite> <!-- testCases.Doubleclick_TC -->
