<?xml version="1.0" encoding="UTF-8"?>
<!-- Generated by org.testng.reporters.JUnitReportReporter -->
<testsuite hostname="Vivek" failures="0" tests="1" name="testCases.Sorted_Animals_TC" time="0.591" errors="0" timestamp="2024-11-11T13:56:33 EST" skipped="0">
  <testcase classname="testCases.Sorted_Animals_TC" name="Animals" time="0.591"/>
</testsuite> <!-- testCases.Sorted_Animals_TC -->
