<?xml version="1.0" encoding="UTF-8"?>
<!-- Generated by org.testng.reporters.JUnitReportReporter -->
<testsuite hostname="Vivek" failures="0" tests="1" name="testCases.Genderbtn_TC" time="0.138" errors="0" timestamp="2024-11-11T13:26:41 EST" skipped="0">
  <testcase classname="testCases.Genderbtn_TC" name="gender" time="0.138"/>
</testsuite> <!-- testCases.Genderbtn_TC -->
