<?xml version="1.0" encoding="UTF-8"?>
<!-- Generated by org.testng.reporters.JUnitReportReporter -->
<testsuite hostname="Vivek" failures="0" tests="1" name="testCases.Brokenlinks_TC" time="1.932" errors="0" timestamp="2025-05-25T08:38:38 EDT" skipped="0">
  <testcase classname="testCases.Brokenlinks_TC" name="brokenlinks" time="1.932"/>
</testsuite> <!-- testCases.Brokenlinks_TC -->
