<?xml version="1.0" encoding="UTF-8"?>
<!-- Generated by org.testng.reporters.JUnitReportReporter -->
<testsuite hostname="Vivek" failures="0" tests="1" name="testCases.Scrollingdrp_down_TC" time="1.285" errors="0" timestamp="2025-02-25T14:16:24 EST" skipped="0">
  <testcase classname="testCases.Scrollingdrp_down_TC" name="scroll_dropdown" time="1.285"/>
</testsuite> <!-- testCases.Scrollingdrp_down_TC -->
