<?xml version="1.0" encoding="UTF-8"?>
<!-- Generated by org.testng.reporters.JUnitReportReporter -->
<testsuite hostname="Vivek" failures="0" tests="1" name="testCases.SVGElements_TC" time="0.109" errors="0" timestamp="2025-02-25T14:17:02 EST" skipped="0">
  <testcase classname="testCases.SVGElements_TC" name="svg_elements" time="0.109"/>
</testsuite> <!-- testCases.SVGElements_TC -->
