<?xml version="1.0" encoding="UTF-8"?>
<!-- Generated by org.testng.reporters.JUnitReportReporter -->
<testsuite hostname="Vivek" failures="0" tests="1" name="testCases.Tabs_TC" time="0.490" errors="0" timestamp="2024-11-18T16:30:07 EST" skipped="0">
  <testcase classname="testCases.Tabs_TC" name="tabs" time="0.490"/>
</testsuite> <!-- testCases.Tabs_TC -->
