<?xml version="1.0" encoding="UTF-8"?>
<!-- Generated by org.testng.reporters.JUnitReportReporter -->
<testsuite hostname="Vivek" failures="0" tests="1" name="testCases.AlertsnPopups_TC" time="8.101" errors="0" timestamp="2025-07-31T21:44:47 EDT" skipped="0">
  <testcase classname="testCases.AlertsnPopups_TC" name="Alertsnpopups" time="8.101"/>
</testsuite> <!-- testCases.AlertsnPopups_TC -->
